<?xml version="1.0" encoding="UTF-8"?>
<robot generator="Robot 7.0 (Python 3.12.3 on linux)" generated="2024-05-19T00:24:21.756188" rpa="false" schemaversion="5">
<suite id="s1" name="User" source="/home/diegoh/Projects/robot-pract/tests/user.robot">
<test id="s1-t1" name="POST User" line="20">
<kw name="Email" owner="FakerLibrary">
<msg time="2024-05-19T00:24:22.106676" level="INFO">${EMAIL_FAKE} = jamescarl@example.net</msg>
<var>${EMAIL_FAKE}</var>
<status status="PASS" start="2024-05-19T00:24:22.105634" elapsed="0.002501"/>
</kw>
<kw name="Create Dictionary" owner="BuiltIn">
<msg time="2024-05-19T00:24:22.110261" level="INFO">${HEADERS} = {'Content-Type': 'application/json'}</msg>
<var>${HEADERS}</var>
<arg>Content-Type=application/json</arg>
<doc>Creates and returns a dictionary based on the given ``items``.</doc>
<status status="PASS" start="2024-05-19T00:24:22.109632" elapsed="0.000826"/>
</kw>
<kw name="Create Dictionary" owner="BuiltIn">
<msg time="2024-05-19T00:24:22.111498" level="INFO">${JSON} = {'nome': 'Douglas Araujo', 'email': 'jamescarl@example.net', 'password': '12332asdads', 'administrador': 'true'}</msg>
<var>${JSON}</var>
<arg>nome=Douglas Araujo</arg>
<arg>email=${EMAIL_FAKE}</arg>
<arg>password=12332asdads</arg>
<arg>administrador=true</arg>
<doc>Creates and returns a dictionary based on the given ``items``.</doc>
<status status="PASS" start="2024-05-19T00:24:22.110996" elapsed="0.000642"/>
</kw>
<kw name="POST" owner="RequestsLibrary">
<msg time="2024-05-19T00:24:22.802249" level="INFO">POST Request : url=https://serverest.dev/usuarios 
 path_url=/usuarios 
 headers={'User-Agent': 'python-requests/2.31.0', 'Accept-Encoding': 'gzip, deflate', 'Accept': '*/*', 'Connection': 'keep-alive', 'Content-Type': 'application/json', 'Content-Length': '112'} 
 body=b'{"nome": "Douglas Araujo", "email": "jamescarl@example.net", "password": "12332asdads", "administrador": "true"}' 
 </msg>
<msg time="2024-05-19T00:24:22.802594" level="INFO">POST Response : url=https://serverest.dev/usuarios 
 status=201, reason=Created 
 headers={'access-control-allow-origin': '*', 'x-dns-prefetch-control': 'off', 'x-frame-options': 'SAMEORIGIN', 'strict-transport-security': 'max-age=15552000; includeSubDomains', 'x-download-options': 'noopen', 'x-content-type-options': 'nosniff', 'x-xss-protection': '1; mode=block', 'content-type': 'application/json; charset=utf-8', 'X-Cloud-Trace-Context': '869f39c2fa119a6453bfab8134581758', 'Date': 'Sun, 19 May 2024 03:24:22 GMT', 'Server': 'Google Frontend', 'Content-Length': '82'} 
 body={
    "message": "Cadastro realizado com sucesso",
    "_id": "9CTZ9ggoDL6xeLfl"
} 
 </msg>
<msg time="2024-05-19T00:24:22.802833" level="INFO">${RESPONSE} = &lt;Response [201]&gt;</msg>
<var>${RESPONSE}</var>
<arg>${BASE_URL}/usuarios</arg>
<arg>headers=${HEADERS}</arg>
<arg>json=${JSON}</arg>
<doc>Sends a POST request.</doc>
<status status="PASS" start="2024-05-19T00:24:22.112026" elapsed="0.690921"/>
</kw>
<kw name="Should Be Equal As Strings" owner="BuiltIn">
<msg time="2024-05-19T00:24:22.804010" level="INFO">Argument types are:
&lt;class 'int'&gt;
&lt;class 'str'&gt;</msg>
<arg>${RESPONSE.status_code}</arg>
<arg>201</arg>
<doc>Fails if objects are unequal after converting them to strings.</doc>
<status status="PASS" start="2024-05-19T00:24:22.803300" elapsed="0.001097"/>
</kw>
<status status="PASS" start="2024-05-19T00:24:22.103769" elapsed="0.700887"/>
</test>
<doc>User Scenary</doc>
<status status="PASS" start="2024-05-19T00:24:21.759686" elapsed="1.045803"/>
</suite>
<statistics>
<total>
<stat pass="1" fail="0" skip="0">All Tests</stat>
</total>
<tag>
</tag>
<suite>
<stat pass="1" fail="0" skip="0" id="s1" name="User">User</stat>
</suite>
</statistics>
<errors>
</errors>
</robot>
