<?xml version="1.0" encoding="UTF-8"?>
<robot generator="Robot 7.0 (Python 3.12.3 on linux)" generated="2024-05-19T00:32:57.273318" rpa="false" schemaversion="5">
<suite id="s1" name="Robotpract" source="/home/diegoh/Projects/robotpract">
<suite id="s1-s1" name="Tests" source="/home/diegoh/Projects/robotpract/tests">
<suite id="s1-s1-s1" name="User" source="/home/diegoh/Projects/robotpract/tests/user.robot">
<test id="s1-s1-s1-t1" name="POST User" line="20">
<kw name="Email" owner="FakerLibrary">
<msg time="2024-05-19T00:32:57.633975" level="INFO">${EMAIL_FAKE} = stephensmith@example.net</msg>
<var>${EMAIL_FAKE}</var>
<status status="PASS" start="2024-05-19T00:32:57.633073" elapsed="0.001089"/>
</kw>
<kw name="Create Dictionary" owner="BuiltIn">
<msg time="2024-05-19T00:32:57.635499" level="INFO">${HEADERS} = {'Content-Type': 'application/json'}</msg>
<var>${HEADERS}</var>
<arg>Content-Type=application/json</arg>
<doc>Creates and returns a dictionary based on the given ``items``.</doc>
<status status="PASS" start="2024-05-19T00:32:57.634853" elapsed="0.000814"/>
</kw>
<kw name="Create Dictionary" owner="BuiltIn">
<msg time="2024-05-19T00:32:57.636745" level="INFO">${JSON} = {'nome': 'Douglas Araujo', 'email': 'stephensmith@example.net', 'password': '12332asdads', 'administrador': 'true'}</msg>
<var>${JSON}</var>
<arg>nome=Douglas Araujo</arg>
<arg>email=${EMAIL_FAKE}</arg>
<arg>password=12332asdads</arg>
<arg>administrador=true</arg>
<doc>Creates and returns a dictionary based on the given ``items``.</doc>
<status status="PASS" start="2024-05-19T00:32:57.636135" elapsed="0.000782"/>
</kw>
<kw name="POST" owner="RequestsLibrary">
<msg time="2024-05-19T00:32:58.385906" level="INFO">POST Request : url=https://serverest.dev/usuarios 
 path_url=/usuarios 
 headers={'User-Agent': 'python-requests/2.31.0', 'Accept-Encoding': 'gzip, deflate', 'Accept': '*/*', 'Connection': 'keep-alive', 'Content-Type': 'application/json', 'Content-Length': '115'} 
 body=b'{"nome": "Douglas Araujo", "email": "stephensmith@example.net", "password": "12332asdads", "administrador": "true"}' 
 </msg>
<msg time="2024-05-19T00:32:58.386433" level="INFO">POST Response : url=https://serverest.dev/usuarios 
 status=201, reason=Created 
 headers={'access-control-allow-origin': '*', 'x-dns-prefetch-control': 'off', 'x-frame-options': 'SAMEORIGIN', 'strict-transport-security': 'max-age=15552000; includeSubDomains', 'x-download-options': 'noopen', 'x-content-type-options': 'nosniff', 'x-xss-protection': '1; mode=block', 'content-type': 'application/json; charset=utf-8', 'X-Cloud-Trace-Context': '8dc5fd1a43138069d9bbd77fc5f638e4', 'Date': 'Sun, 19 May 2024 03:32:58 GMT', 'Server': 'Google Frontend', 'Content-Length': '82'} 
 body={
    "message": "Cadastro realizado com sucesso",
    "_id": "JvL3WCKcZ0ifE4up"
} 
 </msg>
<msg time="2024-05-19T00:32:58.386831" level="INFO">${RESPONSE} = &lt;Response [201]&gt;</msg>
<var>${RESPONSE}</var>
<arg>${BASE_URL}/usuarios</arg>
<arg>headers=${HEADERS}</arg>
<arg>json=${JSON}</arg>
<doc>Sends a POST request.</doc>
<status status="PASS" start="2024-05-19T00:32:57.637290" elapsed="0.749717"/>
</kw>
<kw name="Should Be Equal As Strings" owner="BuiltIn">
<msg time="2024-05-19T00:32:58.391606" level="INFO">Argument types are:
&lt;class 'int'&gt;
&lt;class 'str'&gt;</msg>
<arg>${RESPONSE.status_code}</arg>
<arg>201</arg>
<doc>Fails if objects are unequal after converting them to strings.</doc>
<status status="PASS" start="2024-05-19T00:32:58.388670" elapsed="0.003435"/>
</kw>
<kw name="Should Be Equal As Strings" owner="BuiltIn">
<arg>${RESPONSE.json()["message"]}</arg>
<arg>Cadastro realizado com sucesso</arg>
<doc>Fails if objects are unequal after converting them to strings.</doc>
<status status="PASS" start="2024-05-19T00:32:58.392785" elapsed="0.001792"/>
</kw>
<status status="PASS" start="2024-05-19T00:32:57.631649" elapsed="0.763587"/>
</test>
<doc>User Scenary</doc>
<status status="PASS" start="2024-05-19T00:32:57.298899" elapsed="1.098410"/>
</suite>
<status status="PASS" start="2024-05-19T00:32:57.297425" elapsed="1.102055"/>
</suite>
<status status="PASS" start="2024-05-19T00:32:57.277147" elapsed="1.124002"/>
</suite>
<statistics>
<total>
<stat pass="1" fail="0" skip="0">All Tests</stat>
</total>
<tag>
</tag>
<suite>
<stat pass="1" fail="0" skip="0" id="s1" name="Robotpract">Robotpract</stat>
<stat pass="1" fail="0" skip="0" id="s1-s1" name="Tests">Robotpract.Tests</stat>
<stat pass="1" fail="0" skip="0" id="s1-s1-s1" name="User">Robotpract.Tests.User</stat>
</suite>
</statistics>
<errors>
</errors>
</robot>
